Copyright 1986-2018 Xilinx, Inc. All Rights Reserved.
---------------------------------------------------------------------------------------------
| Tool Version : Vivado v.2018.3 (win64) Build 2405991 Thu Dec  6 23:38:27 MST 2018
| Date         : Mon Nov 29 11:25:03 2021
| Host         : 612-09 running 64-bit major release  (build 9200)
| Command      : report_control_sets -verbose -file led_display_ctrl_control_sets_placed.rpt
| Design       : led_display_ctrl
| Device       : xc7a100t
---------------------------------------------------------------------------------------------

Control Set Information

Table of Contents
-----------------
1. Summary
2. Histogram
3. Flip-Flop Distribution
4. Detailed Control Set Information

1. Summary
----------

+----------------------------------------------------------+-------+
|                          Status                          | Count |
+----------------------------------------------------------+-------+
| Number of unique control sets                            |     6 |
| Unused register locations in slices containing registers |    26 |
+----------------------------------------------------------+-------+


2. Histogram
------------

+--------+--------------+
| Fanout | Control Sets |
+--------+--------------+
|      1 |            1 |
|      4 |            1 |
|      7 |            1 |
|      9 |            1 |
|    16+ |            2 |
+--------+--------------+


3. Flip-Flop Distribution
-------------------------

+--------------+-----------------------+------------------------+-----------------+--------------+
| Clock Enable | Synchronous Set/Reset | Asynchronous Set/Reset | Total Registers | Total Slices |
+--------------+-----------------------+------------------------+-----------------+--------------+
| No           | No                    | No                     |               0 |            0 |
| No           | No                    | Yes                    |               0 |            0 |
| No           | Yes                   | No                     |               0 |            0 |
| Yes          | No                    | No                     |               7 |            2 |
| Yes          | No                    | Yes                    |              71 |           25 |
| Yes          | Yes                   | No                     |               0 |            0 |
+--------------+-----------------------+------------------------+-----------------+--------------+


4. Detailed Control Set Information
-----------------------------------

+----------------+----------------+------------------+------------------+----------------+
|  Clock Signal  |  Enable Signal | Set/Reset Signal | Slice Load Count | Bel Load Count |
+----------------+----------------+------------------+------------------+----------------+
|  clk_IBUF_BUFG | button_IBUF    | rst_IBUF         |                1 |              1 |
|  clk_IBUF_BUFG | mem            | rst_IBUF         |                1 |              4 |
|  clk_IBUF_BUFG | led_ca_i_1_n_0 |                  |                2 |              7 |
|  clk_IBUF_BUFG | led_en__0      | rst_IBUF         |                5 |              9 |
|  clk_IBUF_BUFG | cnt2ms         | rst_IBUF         |               10 |             25 |
|  clk_IBUF_BUFG | cnt            | rst_IBUF         |                8 |             32 |
+----------------+----------------+------------------+------------------+----------------+


