
*** Running vivado
    with args -log calculator_top.vds -m64 -product Vivado -mode batch -messageDb vivado.pb -notrace -source calculator_top.tcl


****** Vivado v2018.3 (64-bit)
  **** SW Build 2405991 on Thu Dec  6 23:38:27 MST 2018
  **** IP Build 2404404 on Fri Dec  7 01:43:56 MST 2018
    ** Copyright 1986-2018 Xilinx, Inc. All Rights Reserved.

source calculator_top.tcl -notrace
Command: synth_design -top calculator_top -part xc7a100tfgg484-1
Starting synth_design
Attempting to get a license for feature 'Synthesis' and/or device 'xc7a100t'
INFO: [Common 17-349] Got license for feature 'Synthesis' and/or device 'xc7a100t'
INFO: Launching helper process for spawning children vivado processes
INFO: Helper process launched with PID 7040 
---------------------------------------------------------------------------------
Starting RTL Elaboration : Time (s): cpu = 00:00:01 ; elapsed = 00:00:02 . Memory (MB): peak = 395.176 ; gain = 100.242
---------------------------------------------------------------------------------
INFO: [Synth 8-6157] synthesizing module 'calculator_top' [C:/Users/Administrator/Desktop/calculator_hex/calculator_top.v:1]
INFO: [Synth 8-6157] synthesizing module 'clk_div' [C:/Users/Administrator/Desktop/calculator_hex/calculator_hex.runs/synth_1/.Xil/Vivado-4212-612-11/realtime/clk_div_stub.v:5]
INFO: [Synth 8-6155] done synthesizing module 'clk_div' (1#1) [C:/Users/Administrator/Desktop/calculator_hex/calculator_hex.runs/synth_1/.Xil/Vivado-4212-612-11/realtime/clk_div_stub.v:5]
INFO: [Synth 8-6157] synthesizing module 'calculator_hex' [C:/Users/Administrator/Desktop/calculator_hex/calculator_hex.v:1]
INFO: [Synth 8-155] case statement is not full and has no default [C:/Users/Administrator/Desktop/calculator_hex/calculator_hex.v:29]
INFO: [Synth 8-155] case statement is not full and has no default [C:/Users/Administrator/Desktop/calculator_hex/calculator_hex.v:39]
INFO: [Synth 8-6155] done synthesizing module 'calculator_hex' (2#1) [C:/Users/Administrator/Desktop/calculator_hex/calculator_hex.v:1]
INFO: [Synth 8-6157] synthesizing module 'calculator_display' [C:/Users/Administrator/Desktop/calculator_hex/calculator_display.v:1]
INFO: [Synth 8-155] case statement is not full and has no default [C:/Users/Administrator/Desktop/calculator_hex/calculator_display.v:46]
INFO: [Synth 8-226] default block is never used [C:/Users/Administrator/Desktop/calculator_hex/calculator_display.v:70]
INFO: [Synth 8-6155] done synthesizing module 'calculator_display' (3#1) [C:/Users/Administrator/Desktop/calculator_hex/calculator_display.v:1]
INFO: [Synth 8-6157] synthesizing module 'clear' [C:/Users/Administrator/Desktop/calculator_hex/clear.v:1]
	Parameter value bound to: 1000 - type: integer 
INFO: [Synth 8-6155] done synthesizing module 'clear' (4#1) [C:/Users/Administrator/Desktop/calculator_hex/clear.v:1]
INFO: [Synth 8-6155] done synthesizing module 'calculator_top' (5#1) [C:/Users/Administrator/Desktop/calculator_hex/calculator_top.v:1]
---------------------------------------------------------------------------------
Finished RTL Elaboration : Time (s): cpu = 00:00:02 ; elapsed = 00:00:02 . Memory (MB): peak = 450.828 ; gain = 155.895
---------------------------------------------------------------------------------

Report Check Netlist: 
+------+------------------+-------+---------+-------+------------------+
|      |Item              |Errors |Warnings |Status |Description       |
+------+------------------+-------+---------+-------+------------------+
|1     |multi_driven_nets |      0|        0|Passed |Multi driven nets |
+------+------------------+-------+---------+-------+------------------+
---------------------------------------------------------------------------------
Start Handling Custom Attributes
---------------------------------------------------------------------------------
---------------------------------------------------------------------------------
Finished Handling Custom Attributes : Time (s): cpu = 00:00:02 ; elapsed = 00:00:02 . Memory (MB): peak = 450.828 ; gain = 155.895
---------------------------------------------------------------------------------
---------------------------------------------------------------------------------
Finished RTL Optimization Phase 1 : Time (s): cpu = 00:00:02 ; elapsed = 00:00:02 . Memory (MB): peak = 450.828 ; gain = 155.895
---------------------------------------------------------------------------------
INFO: [Device 21-403] Loading part xc7a100tfgg484-1
INFO: [Project 1-570] Preparing netlist for logic optimization

Processing XDC Constraints
Initializing timing engine
Parsing XDC File [c:/Users/Administrator/Desktop/calculator_hex/calculator_hex.srcs/sources_1/ip/clk_div/clk_div/clk_div_in_context.xdc] for cell 'u_clk_div'
Finished Parsing XDC File [c:/Users/Administrator/Desktop/calculator_hex/calculator_hex.srcs/sources_1/ip/clk_div/clk_div/clk_div_in_context.xdc] for cell 'u_clk_div'
Parsing XDC File [C:/Users/Administrator/Desktop/calculator_hex/clock.xdc]
WARNING: [Constraints 18-619] A clock with name 'clk' already exists, overwriting the previous clock with the same name. [C:/Users/Administrator/Desktop/calculator_hex/clock.xdc:1]
Finished Parsing XDC File [C:/Users/Administrator/Desktop/calculator_hex/clock.xdc]
Parsing XDC File [C:/Users/Administrator/Desktop/calculator_hex/pin.xdc]
Finished Parsing XDC File [C:/Users/Administrator/Desktop/calculator_hex/pin.xdc]
INFO: [Project 1-236] Implementation specific constraints were found while reading constraint file [C:/Users/Administrator/Desktop/calculator_hex/pin.xdc]. These constraints will be ignored for synthesis but will be used in implementation. Impacted constraints are listed in the file [.Xil/calculator_top_propImpl.xdc].
Resolution: To avoid this warning, move constraints listed in [.Xil/calculator_top_propImpl.xdc] to another XDC file and exclude this new file from synthesis with the used_in_synthesis property (File Properties dialog in GUI) and re-run elaboration/synthesis.
Netlist sorting complete. Time (s): cpu = 00:00:00 ; elapsed = 00:00:00 . Memory (MB): peak = 798.527 ; gain = 0.000
Completed Processing XDC Constraints

Netlist sorting complete. Time (s): cpu = 00:00:00 ; elapsed = 00:00:00 . Memory (MB): peak = 798.527 ; gain = 0.000
INFO: [Project 1-111] Unisim Transformation Summary:
No Unisim elements were transformed.

Netlist sorting complete. Time (s): cpu = 00:00:00 ; elapsed = 00:00:00 . Memory (MB): peak = 798.527 ; gain = 0.000
Constraint Validation Runtime : Time (s): cpu = 00:00:00 ; elapsed = 00:00:00.002 . Memory (MB): peak = 798.527 ; gain = 0.000
---------------------------------------------------------------------------------
Finished Constraint Validation : Time (s): cpu = 00:00:08 ; elapsed = 00:00:09 . Memory (MB): peak = 798.527 ; gain = 503.594
---------------------------------------------------------------------------------
---------------------------------------------------------------------------------
Start Loading Part and Timing Information
---------------------------------------------------------------------------------
Loading part: xc7a100tfgg484-1
---------------------------------------------------------------------------------
Finished Loading Part and Timing Information : Time (s): cpu = 00:00:08 ; elapsed = 00:00:09 . Memory (MB): peak = 798.527 ; gain = 503.594
---------------------------------------------------------------------------------
---------------------------------------------------------------------------------
Start Applying 'set_property' XDC Constraints
---------------------------------------------------------------------------------
Applied set_property IO_BUFFER_TYPE = NONE for clk. (constraint file  c:/Users/Administrator/Desktop/calculator_hex/calculator_hex.srcs/sources_1/ip/clk_div/clk_div/clk_div_in_context.xdc, line 3).
Applied set_property CLOCK_BUFFER_TYPE = NONE for clk. (constraint file  c:/Users/Administrator/Desktop/calculator_hex/calculator_hex.srcs/sources_1/ip/clk_div/clk_div/clk_div_in_context.xdc, line 4).
Applied set_property DONT_TOUCH = true for u_clk_div. (constraint file  auto generated constraint, line ).
---------------------------------------------------------------------------------
Finished applying 'set_property' XDC Constraints : Time (s): cpu = 00:00:08 ; elapsed = 00:00:09 . Memory (MB): peak = 798.527 ; gain = 503.594
---------------------------------------------------------------------------------
INFO: [Synth 8-5546] ROM "led_en" won't be mapped to RAM because it is too sparse
INFO: [Synth 8-5546] ROM "mem" won't be mapped to RAM because it is too sparse
INFO: [Synth 8-5546] ROM "button1" won't be mapped to RAM because it is too sparse
INFO: [Synth 8-5546] ROM "button1" won't be mapped to RAM because it is too sparse
---------------------------------------------------------------------------------
Finished RTL Optimization Phase 2 : Time (s): cpu = 00:00:08 ; elapsed = 00:00:09 . Memory (MB): peak = 798.527 ; gain = 503.594
---------------------------------------------------------------------------------

Report RTL Partitions: 
+-+--------------+------------+----------+
| |RTL Partition |Replication |Instances |
+-+--------------+------------+----------+
+-+--------------+------------+----------+
---------------------------------------------------------------------------------
Start RTL Component Statistics 
---------------------------------------------------------------------------------
Detailed RTL Component Info : 
+---Adders : 
	   3 Input     32 Bit       Adders := 2     
	   2 Input     32 Bit       Adders := 1     
	   2 Input     25 Bit       Adders := 1     
	   2 Input     11 Bit       Adders := 2     
	   2 Input      9 Bit       Adders := 1     
+---Registers : 
	               32 Bit    Registers := 1     
	               25 Bit    Registers := 1     
	               11 Bit    Registers := 2     
	                8 Bit    Registers := 1     
	                4 Bit    Registers := 1     
	                1 Bit    Registers := 11    
+---Multipliers : 
	                 8x32  Multipliers := 1     
	                32x32  Multipliers := 1     
+---Muxes : 
	   2 Input     32 Bit        Muxes := 1     
	   2 Input     25 Bit        Muxes := 1     
	   2 Input      8 Bit        Muxes := 1     
	   9 Input      4 Bit        Muxes := 1     
	   9 Input      3 Bit        Muxes := 1     
	   7 Input      1 Bit        Muxes := 1     
	   2 Input      1 Bit        Muxes := 4     
	   9 Input      1 Bit        Muxes := 1     
	  16 Input      1 Bit        Muxes := 7     
---------------------------------------------------------------------------------
Finished RTL Component Statistics 
---------------------------------------------------------------------------------
---------------------------------------------------------------------------------
Start RTL Hierarchical Component Statistics 
---------------------------------------------------------------------------------
Hierarchical RTL Component report 
Module calculator_hex 
Detailed RTL Component Info : 
+---Adders : 
	   3 Input     32 Bit       Adders := 2     
	   2 Input     32 Bit       Adders := 1     
	   2 Input      9 Bit       Adders := 1     
+---Registers : 
	               32 Bit    Registers := 1     
	                1 Bit    Registers := 2     
+---Multipliers : 
	                 8x32  Multipliers := 1     
	                32x32  Multipliers := 1     
+---Muxes : 
	   2 Input     32 Bit        Muxes := 1     
	   7 Input      1 Bit        Muxes := 1     
Module calculator_display 
Detailed RTL Component Info : 
+---Adders : 
	   2 Input     25 Bit       Adders := 1     
+---Registers : 
	               25 Bit    Registers := 1     
	                8 Bit    Registers := 1     
	                4 Bit    Registers := 1     
	                1 Bit    Registers := 8     
+---Muxes : 
	   2 Input     25 Bit        Muxes := 1     
	   2 Input      8 Bit        Muxes := 1     
	   9 Input      4 Bit        Muxes := 1     
	   9 Input      3 Bit        Muxes := 1     
	   2 Input      1 Bit        Muxes := 2     
	   9 Input      1 Bit        Muxes := 1     
	  16 Input      1 Bit        Muxes := 7     
Module clear 
Detailed RTL Component Info : 
+---Adders : 
	   2 Input     11 Bit       Adders := 2     
+---Registers : 
	               11 Bit    Registers := 2     
	                1 Bit    Registers := 1     
+---Muxes : 
	   2 Input      1 Bit        Muxes := 2     
---------------------------------------------------------------------------------
Finished RTL Hierarchical Component Statistics
---------------------------------------------------------------------------------
---------------------------------------------------------------------------------
Start Part Resource Summary
---------------------------------------------------------------------------------
Part Resources:
DSPs: 240 (col length:80)
BRAMs: 270 (col length: RAMB18 80 RAMB36 40)
---------------------------------------------------------------------------------
Finished Part Resource Summary
---------------------------------------------------------------------------------
---------------------------------------------------------------------------------
Start Cross Boundary and Area Optimization
---------------------------------------------------------------------------------
Warning: Parallel synthesis criteria is not met 
INFO: [Synth 8-5546] ROM "u_calculator_display/led_en" won't be mapped to RAM because it is too sparse
INFO: [Synth 8-5546] ROM "u_calculator_display/mem" won't be mapped to RAM because it is too sparse
INFO: [Synth 8-5546] ROM "u_clear/button1" won't be mapped to RAM because it is too sparse
INFO: [Synth 8-5546] ROM "u_clear/button1" won't be mapped to RAM because it is too sparse
INFO: [Synth 8-5845] Not enough pipeline registers after wide multiplier. Recommended levels of pipeline registers is 4 [C:/Users/Administrator/Desktop/calculator_hex/calculator_hex.v:35]
INFO: [Synth 8-5845] Not enough pipeline registers after wide multiplier. Recommended levels of pipeline registers is 2 [C:/Users/Administrator/Desktop/calculator_hex/calculator_hex.v:32]
DSP Report: Generating DSP u_calculator_hex/cal_result0, operation Mode is: A*B.
DSP Report: operator u_calculator_hex/cal_result0 is absorbed into DSP u_calculator_hex/cal_result0.
DSP Report: operator u_calculator_hex/cal_result0 is absorbed into DSP u_calculator_hex/cal_result0.
DSP Report: Generating DSP u_calculator_hex/cal_result0, operation Mode is: (PCIN>>17)+A*B.
DSP Report: operator u_calculator_hex/cal_result0 is absorbed into DSP u_calculator_hex/cal_result0.
DSP Report: operator u_calculator_hex/cal_result0 is absorbed into DSP u_calculator_hex/cal_result0.
DSP Report: Generating DSP u_calculator_hex/cal_result0, operation Mode is: A*B.
DSP Report: operator u_calculator_hex/cal_result0 is absorbed into DSP u_calculator_hex/cal_result0.
DSP Report: operator u_calculator_hex/cal_result0 is absorbed into DSP u_calculator_hex/cal_result0.
DSP Report: Generating DSP u_calculator_hex/cal_result0, operation Mode is: (PCIN>>17)+A*B.
DSP Report: operator u_calculator_hex/cal_result0 is absorbed into DSP u_calculator_hex/cal_result0.
DSP Report: operator u_calculator_hex/cal_result0 is absorbed into DSP u_calculator_hex/cal_result0.
DSP Report: Generating DSP u_calculator_hex/cal_result0, operation Mode is: A*B.
DSP Report: operator u_calculator_hex/cal_result0 is absorbed into DSP u_calculator_hex/cal_result0.
DSP Report: operator u_calculator_hex/cal_result0 is absorbed into DSP u_calculator_hex/cal_result0.
DSP Report: Generating DSP u_calculator_hex/cal_result0, operation Mode is: (PCIN>>17)+A*B.
DSP Report: operator u_calculator_hex/cal_result0 is absorbed into DSP u_calculator_hex/cal_result0.
DSP Report: operator u_calculator_hex/cal_result0 is absorbed into DSP u_calculator_hex/cal_result0.
WARNING: [Synth 8-3917] design calculator_top has port led_dp driven by constant 1
---------------------------------------------------------------------------------
Finished Cross Boundary and Area Optimization : Time (s): cpu = 00:00:11 ; elapsed = 00:00:12 . Memory (MB): peak = 798.527 ; gain = 503.594
---------------------------------------------------------------------------------
---------------------------------------------------------------------------------
Start ROM, RAM, DSP and Shift Register Reporting
---------------------------------------------------------------------------------

DSP: Preliminary Mapping  Report (see note below)
+---------------+----------------+--------+--------+--------+--------+--------+------+------+------+------+-------+------+------+
|Module Name    | DSP Mapping    | A Size | B Size | C Size | D Size | P Size | AREG | BREG | CREG | DREG | ADREG | MREG | PREG | 
+---------------+----------------+--------+--------+--------+--------+--------+------+------+------+------+-------+------+------+
|calculator_top | A*B            | 18     | 9      | -      | -      | 48     | 0    | 0    | -    | -    | -     | 0    | 0    | 
|calculator_top | (PCIN>>17)+A*B | 16     | 9      | -      | -      | 48     | 0    | 0    | -    | -    | -     | 0    | 0    | 
|calculator_top | A*B            | 18     | 16     | -      | -      | 48     | 0    | 0    | -    | -    | -     | 0    | 0    | 
|calculator_top | (PCIN>>17)+A*B | 16     | 16     | -      | -      | 48     | 0    | 0    | -    | -    | -     | 0    | 0    | 
|calculator_top | A*B            | 18     | 18     | -      | -      | 48     | 0    | 0    | -    | -    | -     | 0    | 0    | 
|calculator_top | (PCIN>>17)+A*B | 18     | 16     | -      | -      | 48     | 0    | 0    | -    | -    | -     | 0    | 0    | 
+---------------+----------------+--------+--------+--------+--------+--------+------+------+------+------+-------+------+------+

Note: The table above is a preliminary report that shows the DSPs inferred at the current stage of the synthesis flow. Some DSP may be reimplemented as non DSP primitives later in the synthesis flow. Multiple instantiated DSPs are reported only once.
---------------------------------------------------------------------------------
Finished ROM, RAM, DSP and Shift Register Reporting
---------------------------------------------------------------------------------
INFO: [Synth 8-5844] Detected registers with asynchronous reset at DSP/BRAM block boundary. Consider using synchronous reset for optimal packing [C:/Users/Administrator/Desktop/calculator_hex/calculator_hex.v:26]
INFO: [Synth 8-5844] Detected registers with asynchronous reset at DSP/BRAM block boundary. Consider using synchronous reset for optimal packing [C:/Users/Administrator/Desktop/calculator_hex/calculator_hex.v:26]
INFO: [Synth 8-5844] Detected registers with asynchronous reset at DSP/BRAM block boundary. Consider using synchronous reset for optimal packing [C:/Users/Administrator/Desktop/calculator_hex/calculator_hex.v:26]
INFO: [Synth 8-5844] Detected registers with asynchronous reset at DSP/BRAM block boundary. Consider using synchronous reset for optimal packing [C:/Users/Administrator/Desktop/calculator_hex/calculator_hex.v:26]
INFO: [Synth 8-5844] Detected registers with asynchronous reset at DSP/BRAM block boundary. Consider using synchronous reset for optimal packing [C:/Users/Administrator/Desktop/calculator_hex/calculator_hex.v:26]
INFO: [Synth 8-5844] Detected registers with asynchronous reset at DSP/BRAM block boundary. Consider using synchronous reset for optimal packing [C:/Users/Administrator/Desktop/calculator_hex/calculator_hex.v:26]
INFO: [Synth 8-5844] Detected registers with asynchronous reset at DSP/BRAM block boundary. Consider using synchronous reset for optimal packing [C:/Users/Administrator/Desktop/calculator_hex/calculator_hex.v:26]
INFO: [Synth 8-5844] Detected registers with asynchronous reset at DSP/BRAM block boundary. Consider using synchronous reset for optimal packing [C:/Users/Administrator/Desktop/calculator_hex/calculator_hex.v:26]

Report RTL Partitions: 
+-+--------------+------------+----------+
| |RTL Partition |Replication |Instances |
+-+--------------+------------+----------+
+-+--------------+------------+----------+
---------------------------------------------------------------------------------
Start Applying XDC Timing Constraints
---------------------------------------------------------------------------------
INFO: [Synth 8-5578] Moved timing constraint from pin 'u_clk_div/clk_out1' to pin 'u_clk_div/bbstub_clk_out1/O'
WARNING: [Synth 8-565] redefining clock 'clk'
INFO: [Synth 8-5819] Moved 1 constraints on hierarchical pins to their respective driving/loading pins
---------------------------------------------------------------------------------
Finished Applying XDC Timing Constraints : Time (s): cpu = 00:00:20 ; elapsed = 00:00:21 . Memory (MB): peak = 835.332 ; gain = 540.398
---------------------------------------------------------------------------------
---------------------------------------------------------------------------------
Start Timing Optimization
---------------------------------------------------------------------------------
---------------------------------------------------------------------------------
Finished Timing Optimization : Time (s): cpu = 00:00:22 ; elapsed = 00:00:23 . Memory (MB): peak = 896.414 ; gain = 601.480
---------------------------------------------------------------------------------

Report RTL Partitions: 
+-+--------------+------------+----------+
| |RTL Partition |Replication |Instances |
+-+--------------+------------+----------+
+-+--------------+------------+----------+
---------------------------------------------------------------------------------
Start Technology Mapping
---------------------------------------------------------------------------------
INFO: [Synth 8-5844] Detected registers with asynchronous reset at DSP/BRAM block boundary. Consider using synchronous reset for optimal packing [C:/Users/Administrator/Desktop/calculator_hex/calculator_hex.v:26]
INFO: [Synth 8-5844] Detected registers with asynchronous reset at DSP/BRAM block boundary. Consider using synchronous reset for optimal packing [C:/Users/Administrator/Desktop/calculator_hex/calculator_hex.v:26]
INFO: [Synth 8-5844] Detected registers with asynchronous reset at DSP/BRAM block boundary. Consider using synchronous reset for optimal packing [C:/Users/Administrator/Desktop/calculator_hex/calculator_hex.v:26]
INFO: [Synth 8-5844] Detected registers with asynchronous reset at DSP/BRAM block boundary. Consider using synchronous reset for optimal packing [C:/Users/Administrator/Desktop/calculator_hex/calculator_hex.v:26]
INFO: [Synth 8-5844] Detected registers with asynchronous reset at DSP/BRAM block boundary. Consider using synchronous reset for optimal packing [C:/Users/Administrator/Desktop/calculator_hex/calculator_hex.v:26]
INFO: [Synth 8-5844] Detected registers with asynchronous reset at DSP/BRAM block boundary. Consider using synchronous reset for optimal packing [C:/Users/Administrator/Desktop/calculator_hex/calculator_hex.v:26]
INFO: [Synth 8-5844] Detected registers with asynchronous reset at DSP/BRAM block boundary. Consider using synchronous reset for optimal packing [C:/Users/Administrator/Desktop/calculator_hex/calculator_hex.v:26]
INFO: [Synth 8-5844] Detected registers with asynchronous reset at DSP/BRAM block boundary. Consider using synchronous reset for optimal packing [C:/Users/Administrator/Desktop/calculator_hex/calculator_hex.v:26]
---------------------------------------------------------------------------------
Finished Technology Mapping : Time (s): cpu = 00:00:23 ; elapsed = 00:00:24 . Memory (MB): peak = 897.422 ; gain = 602.488
---------------------------------------------------------------------------------

Report RTL Partitions: 
+-+--------------+------------+----------+
| |RTL Partition |Replication |Instances |
+-+--------------+------------+----------+
+-+--------------+------------+----------+
---------------------------------------------------------------------------------
Start IO Insertion
---------------------------------------------------------------------------------
---------------------------------------------------------------------------------
Start Flattening Before IO Insertion
---------------------------------------------------------------------------------
---------------------------------------------------------------------------------
Finished Flattening Before IO Insertion
---------------------------------------------------------------------------------
---------------------------------------------------------------------------------
Start Final Netlist Cleanup
---------------------------------------------------------------------------------
---------------------------------------------------------------------------------
Finished Final Netlist Cleanup
---------------------------------------------------------------------------------
---------------------------------------------------------------------------------
Finished IO Insertion : Time (s): cpu = 00:00:23 ; elapsed = 00:00:25 . Memory (MB): peak = 897.422 ; gain = 602.488
---------------------------------------------------------------------------------

Report Check Netlist: 
+------+------------------+-------+---------+-------+------------------+
|      |Item              |Errors |Warnings |Status |Description       |
+------+------------------+-------+---------+-------+------------------+
|1     |multi_driven_nets |      0|        0|Passed |Multi driven nets |
+------+------------------+-------+---------+-------+------------------+
---------------------------------------------------------------------------------
Start Renaming Generated Instances
---------------------------------------------------------------------------------
---------------------------------------------------------------------------------
Finished Renaming Generated Instances : Time (s): cpu = 00:00:23 ; elapsed = 00:00:25 . Memory (MB): peak = 897.422 ; gain = 602.488
---------------------------------------------------------------------------------

Report RTL Partitions: 
+-+--------------+------------+----------+
| |RTL Partition |Replication |Instances |
+-+--------------+------------+----------+
+-+--------------+------------+----------+
---------------------------------------------------------------------------------
Start Rebuilding User Hierarchy
---------------------------------------------------------------------------------
---------------------------------------------------------------------------------
Finished Rebuilding User Hierarchy : Time (s): cpu = 00:00:24 ; elapsed = 00:00:25 . Memory (MB): peak = 897.422 ; gain = 602.488
---------------------------------------------------------------------------------
---------------------------------------------------------------------------------
Start Renaming Generated Ports
---------------------------------------------------------------------------------
---------------------------------------------------------------------------------
Finished Renaming Generated Ports : Time (s): cpu = 00:00:24 ; elapsed = 00:00:25 . Memory (MB): peak = 897.422 ; gain = 602.488
---------------------------------------------------------------------------------
---------------------------------------------------------------------------------
Start Handling Custom Attributes
---------------------------------------------------------------------------------
---------------------------------------------------------------------------------
Finished Handling Custom Attributes : Time (s): cpu = 00:00:24 ; elapsed = 00:00:25 . Memory (MB): peak = 897.422 ; gain = 602.488
---------------------------------------------------------------------------------
---------------------------------------------------------------------------------
Start Renaming Generated Nets
---------------------------------------------------------------------------------
---------------------------------------------------------------------------------
Finished Renaming Generated Nets : Time (s): cpu = 00:00:24 ; elapsed = 00:00:25 . Memory (MB): peak = 897.422 ; gain = 602.488
---------------------------------------------------------------------------------
---------------------------------------------------------------------------------
Start Writing Synthesis Report
---------------------------------------------------------------------------------

Report BlackBoxes: 
+------+--------------+----------+
|      |BlackBox name |Instances |
+------+--------------+----------+
|1     |clk_div       |         1|
+------+--------------+----------+

Report Cell Usage: 
+------+--------+------+
|      |Cell    |Count |
+------+--------+------+
|1     |clk_div |     1|
|2     |CARRY4  |   280|
|3     |DSP48E1 |     5|
|4     |LUT1    |    29|
|5     |LUT2    |   222|
|6     |LUT3    |   590|
|7     |LUT4    |    85|
|8     |LUT5    |    56|
|9     |LUT6    |   187|
|10    |MUXF7   |     4|
|11    |FDCE    |    70|
|12    |FDPE    |     8|
|13    |FDRE    |    24|
|14    |IBUF    |    21|
|15    |OBUF    |    16|
+------+--------+------+

Report Instance Areas: 
+------+-----------------------+-------------------+------+
|      |Instance               |Module             |Cells |
+------+-----------------------+-------------------+------+
|1     |top                    |                   |  1599|
|2     |  u_calculator_display |calculator_display |   101|
|3     |  u_calculator_hex     |calculator_hex     |   783|
|4     |  u_clear              |clear              |    54|
+------+-----------------------+-------------------+------+
---------------------------------------------------------------------------------
Finished Writing Synthesis Report : Time (s): cpu = 00:00:24 ; elapsed = 00:00:25 . Memory (MB): peak = 897.422 ; gain = 602.488
---------------------------------------------------------------------------------
Synthesis finished with 0 errors, 0 critical warnings and 2 warnings.
Synthesis Optimization Runtime : Time (s): cpu = 00:00:18 ; elapsed = 00:00:20 . Memory (MB): peak = 897.422 ; gain = 254.789
Synthesis Optimization Complete : Time (s): cpu = 00:00:24 ; elapsed = 00:00:25 . Memory (MB): peak = 897.422 ; gain = 602.488
INFO: [Project 1-571] Translating synthesized netlist
INFO: [Netlist 29-17] Analyzing 289 Unisim elements for replacement
INFO: [Netlist 29-28] Unisim Transformation completed in 0 CPU seconds
INFO: [Project 1-570] Preparing netlist for logic optimization
INFO: [Opt 31-138] Pushed 0 inverter(s) to 0 load pin(s).
Netlist sorting complete. Time (s): cpu = 00:00:00 ; elapsed = 00:00:00 . Memory (MB): peak = 897.422 ; gain = 0.000
INFO: [Project 1-111] Unisim Transformation Summary:
No Unisim elements were transformed.

INFO: [Common 17-83] Releasing license: Synthesis
54 Infos, 3 Warnings, 0 Critical Warnings and 0 Errors encountered.
synth_design completed successfully
synth_design: Time (s): cpu = 00:00:26 ; elapsed = 00:00:27 . Memory (MB): peak = 897.422 ; gain = 613.961
Netlist sorting complete. Time (s): cpu = 00:00:00 ; elapsed = 00:00:00.001 . Memory (MB): peak = 897.422 ; gain = 0.000
WARNING: [Constraints 18-5210] No constraints selected for write.
Resolution: This message can indicate that there are no constraints for the design, or it can indicate that the used_in flags are set such that the constraints are ignored. This later case is used when running synth_design to not write synthesis constraints to the resulting checkpoint. Instead, project constraints are read when the synthesized design is opened.
INFO: [Common 17-1381] The checkpoint 'C:/Users/Administrator/Desktop/calculator_hex/calculator_hex.runs/synth_1/calculator_top.dcp' has been generated.
INFO: [runtcl-4] Executing : report_utilization -file calculator_top_utilization_synth.rpt -pb calculator_top_utilization_synth.pb
INFO: [Common 17-206] Exiting Vivado at Mon Dec 20 16:21:15 2021...
